#
# There is insufficient memory for the Java Runtime Environment to continue.
# Native memory allocation (mmap) failed to map 350224384 bytes. Error detail: G1 virtual space
# Possible reasons:
#   The system is out of physical RAM or swap space
#   This process is running with CompressedOops enabled, and the Java Heap may be blocking the growth of the native heap
# Possible solutions:
#   Reduce memory load on the system
#   Increase physical memory or swap space
#   Check if swap backing store is full
#   Decrease Java heap size (-Xmx/-Xms)
#   Decrease number of Java threads
#   Decrease Java thread stack sizes (-Xss)
#   Set larger code cache with -XX:ReservedCodeCacheSize=
#   JVM is running with Zero Based Compressed Oops mode in which the Java heap is
#     placed in the first 32GB address space. The Java Heap base address is the
#     maximum limit for the native heap growth. Please use -XX:HeapBaseMinAddress
#     to set the Java Heap base and to place the Java Heap above 32GB virtual address.
# This output file may be truncated or incomplete.
#
#  Out of Memory Error (os_windows.cpp:3614), pid=10560, tid=3152
#
# JRE version: OpenJDK Runtime Environment Corretto-17.0.13.11.1 (17.0.13+11) (build 17.0.13+11-LTS)
# Java VM: OpenJDK 64-Bit Server VM Corretto-17.0.13.11.1 (17.0.13+11-LTS, mixed mode, emulated-client, sharing, tiered, compressed oops, compressed class ptrs, g1 gc, windows-amd64)
# No core dump will be written. Minidumps are not enabled by default on client versions of Windows
#

---------------  S U M M A R Y ------------

Command Line: -XX:TieredStopAtLevel=1 -Dspring.output.ansi.enabled=always -Dcom.sun.management.jmxremote -Dspring.jmx.enabled=true -Dspring.liveBeansView.mbeanDomain -Dspring.application.admin.enabled=true -Dmanagement.endpoints.jmx.exposure.include=* -javaagent:D:\IntelliJ IDEA 2024.3\lib\idea_rt.jar=62032:D:\IntelliJ IDEA 2024.3\bin -Dfile.encoding=UTF-8 com.jobhunt.JobHuntApplication

Host: AMD Ryzen 7 4800H with Radeon Graphics         , 16 cores, 15G,  Windows 11 , 64 bit Build 22621 (10.0.22621.5415)
Time: Sun Jun 29 11:59:45 2025 SE Asia Standard Time elapsed time: 11.022572 seconds (0d 0h 0m 11s)

---------------  T H R E A D  ---------------

Current thread (0x0000016d4c0ccad0):  VMThread "VM Thread" [stack: 0x0000002821900000,0x0000002821a00000] [id=3152]

Stack: [0x0000002821900000,0x0000002821a00000]
Native frames: (J=compiled Java code, j=interpreted, Vv=VM code, C=native code)
V  [jvm.dll+0x680c19]
V  [jvm.dll+0x83888a]
V  [jvm.dll+0x83a34e]
V  [jvm.dll+0x83a9b3]
V  [jvm.dll+0x2481af]
V  [jvm.dll+0x67d959]
V  [jvm.dll+0x67242a]
V  [jvm.dll+0x30813b]
V  [jvm.dll+0x30f626]
V  [jvm.dll+0x35f94e]
V  [jvm.dll+0x35fb8f]
V  [jvm.dll+0x2df0ec]
V  [jvm.dll+0x2dd4af]
V  [jvm.dll+0x2dcbdc]
V  [jvm.dll+0x3206b1]
V  [jvm.dll+0x83eead]
V  [jvm.dll+0x83fbf2]
V  [jvm.dll+0x84011f]
V  [jvm.dll+0x840504]
V  [jvm.dll+0x8405d0]
V  [jvm.dll+0x7e7b2c]
V  [jvm.dll+0x67fae7]
C  [ucrtbase.dll+0x29333]
C  [KERNEL32.DLL+0x1259d]
C  [ntdll.dll+0x5af78]

VM_Operation (0x00000028238f6000): G1TryInitiateConcMark, mode: safepoint, requested by thread 0x0000016d92e64bb0


---------------  P R O C E S S  ---------------

Threads class SMR info:
_java_thread_list=0x0000016d95900100, length=29, elements={
0x0000016d350b6ac0, 0x0000016d4c0d2170, 0x0000016d4c0d2ff0, 0x0000016d4c0e85f0,
0x0000016d4c0ea480, 0x0000016d4c0edfc0, 0x0000016d4c0ee980, 0x0000016d4c0ef3f0,
0x0000016d4c0efdf0, 0x0000016d4cbaddb0, 0x0000016d4cbb42c0, 0x0000016d4cbb4be0,
0x0000016d4cbb5100, 0x0000016d4cbb9cd0, 0x0000016d92542830, 0x0000016d92544d20,
0x0000016d92645f70, 0x0000016d926d9a80, 0x0000016d9270e570, 0x0000016d92712f00,
0x0000016d92e66a10, 0x0000016d92e64bb0, 0x0000016d92e65ae0, 0x0000016d92e655d0,
0x0000016d92e66f20, 0x0000016d92e67e50, 0x0000016d92e650c0, 0x0000016d92e65ff0,
0x0000016d95085df0
}

Java Threads: ( => current thread )
  0x0000016d350b6ac0 JavaThread "main" [_thread_blocked, id=30496, stack(0x0000002821300000,0x0000002821400000)]
  0x0000016d4c0d2170 JavaThread "Reference Handler" daemon [_thread_blocked, id=30480, stack(0x0000002821a00000,0x0000002821b00000)]
  0x0000016d4c0d2ff0 JavaThread "Finalizer" daemon [_thread_blocked, id=25640, stack(0x0000002821b00000,0x0000002821c00000)]
  0x0000016d4c0e85f0 JavaThread "Signal Dispatcher" daemon [_thread_blocked, id=18676, stack(0x0000002821c00000,0x0000002821d00000)]
  0x0000016d4c0ea480 JavaThread "Attach Listener" daemon [_thread_blocked, id=11844, stack(0x0000002821d00000,0x0000002821e00000)]
  0x0000016d4c0edfc0 JavaThread "Service Thread" daemon [_thread_blocked, id=16784, stack(0x0000002821e00000,0x0000002821f00000)]
  0x0000016d4c0ee980 JavaThread "Monitor Deflation Thread" daemon [_thread_blocked, id=24048, stack(0x0000002821f00000,0x0000002822000000)]
  0x0000016d4c0ef3f0 JavaThread "C1 CompilerThread0" daemon [_thread_blocked, id=24496, stack(0x0000002822000000,0x0000002822100000)]
  0x0000016d4c0efdf0 JavaThread "Sweeper thread" daemon [_thread_blocked, id=30044, stack(0x0000002822100000,0x0000002822200000)]
  0x0000016d4cbaddb0 JavaThread "Common-Cleaner" daemon [_thread_blocked, id=25956, stack(0x0000002822200000,0x0000002822300000)]
  0x0000016d4cbb42c0 JavaThread "C1 CompilerThread1" daemon [_thread_blocked, id=11728, stack(0x0000002822300000,0x0000002822400000)]
  0x0000016d4cbb4be0 JavaThread "C1 CompilerThread2" daemon [_thread_blocked, id=30144, stack(0x0000002822400000,0x0000002822500000)]
  0x0000016d4cbb5100 JavaThread "C1 CompilerThread3" daemon [_thread_blocked, id=26912, stack(0x0000002822500000,0x0000002822600000)]
  0x0000016d4cbb9cd0 JavaThread "C1 CompilerThread4" daemon [_thread_blocked, id=20908, stack(0x0000002822600000,0x0000002822700000)]
  0x0000016d92542830 JavaThread "Monitor Ctrl-Break" daemon [_thread_in_native, id=2596, stack(0x0000002822700000,0x0000002822800000)]
  0x0000016d92544d20 JavaThread "Notification Thread" daemon [_thread_blocked, id=30128, stack(0x0000002822800000,0x0000002822900000)]
  0x0000016d92645f70 JavaThread "RMI TCP Accept-0" daemon [_thread_in_native, id=23100, stack(0x0000002822900000,0x0000002822a00000)]
  0x0000016d926d9a80 JavaThread "RMI TCP Connection(1)-192.168.0.141" daemon [_thread_in_native, id=15148, stack(0x0000002823200000,0x0000002823300000)]
  0x0000016d9270e570 JavaThread "RMI Scheduler(0)" daemon [_thread_blocked, id=21628, stack(0x0000002823300000,0x0000002823400000)]
  0x0000016d92712f00 JavaThread "JMX server connection timeout 28" daemon [_thread_blocked, id=28576, stack(0x0000002823400000,0x0000002823500000)]
  0x0000016d92e66a10 JavaThread "Thread-0" [_thread_blocked, id=12640, stack(0x0000002823700000,0x0000002823800000)]
  0x0000016d92e64bb0 JavaThread "restartedMain" [_thread_blocked, id=22116, stack(0x0000002823800000,0x0000002823900000)]
  0x0000016d92e65ae0 JavaThread "RMI TCP Connection(2)-192.168.0.141" daemon [_thread_in_native, id=28884, stack(0x0000002823900000,0x0000002823a00000)]
  0x0000016d92e655d0 JavaThread "Catalina-utility-1" [_thread_blocked, id=29636, stack(0x0000002823a00000,0x0000002823b00000)]
  0x0000016d92e66f20 JavaThread "Catalina-utility-2" [_thread_blocked, id=12540, stack(0x0000002824000000,0x0000002824100000)]
  0x0000016d92e67e50 JavaThread "container-0" [_thread_blocked, id=21148, stack(0x0000002824100000,0x0000002824200000)]
  0x0000016d92e650c0 JavaThread "PostgreSQL-JDBC-Cleaner" daemon [_thread_blocked, id=13392, stack(0x0000002824300000,0x0000002824400000)]
  0x0000016d92e65ff0 JavaThread "HikariPool-1 housekeeper" daemon [_thread_blocked, id=20440, stack(0x0000002824400000,0x0000002824500000)]
  0x0000016d95085df0 JavaThread "java-sdk-http-connection-reaper" daemon [_thread_blocked, id=23040, stack(0x0000002824600000,0x0000002824700000)]

Other Threads:
=>0x0000016d4c0ccad0 VMThread "VM Thread" [stack: 0x0000002821900000,0x0000002821a00000] [id=3152]
  0x0000016d9264b8a0 WatcherThread [stack: 0x0000002822a00000,0x0000002822b00000] [id=1080]
  0x0000016d351242c0 GCTaskThread "GC Thread#0" [stack: 0x0000002821400000,0x0000002821500000] [id=9308]
  0x0000016d92635bf0 GCTaskThread "GC Thread#1" [stack: 0x0000002822b00000,0x0000002822c00000] [id=25012]
  0x0000016d92679950 GCTaskThread "GC Thread#2" [stack: 0x0000002822c00000,0x0000002822d00000] [id=12672]
  0x0000016d92679c10 GCTaskThread "GC Thread#3" [stack: 0x0000002822d00000,0x0000002822e00000] [id=18548]
  0x0000016d92665420 GCTaskThread "GC Thread#4" [stack: 0x0000002822e00000,0x0000002822f00000] [id=14852]
  0x0000016d92667f00 GCTaskThread "GC Thread#5" [stack: 0x0000002822f00000,0x0000002823000000] [id=29812]
  0x0000016d926a8840 GCTaskThread "GC Thread#6" [stack: 0x0000002823000000,0x0000002823100000] [id=28908]
  0x0000016d926a9b10 GCTaskThread "GC Thread#7" [stack: 0x0000002823100000,0x0000002823200000] [id=26932]
  0x0000016d92e90110 GCTaskThread "GC Thread#8" [stack: 0x0000002823500000,0x0000002823600000] [id=23760]
  0x0000016d92f6cec0 GCTaskThread "GC Thread#9" [stack: 0x0000002823600000,0x0000002823700000] [id=30276]
  0x0000016d93975ad0 GCTaskThread "GC Thread#10" [stack: 0x0000002823c00000,0x0000002823d00000] [id=2748]
  0x0000016d939a2600 GCTaskThread "GC Thread#11" [stack: 0x0000002823d00000,0x0000002823e00000] [id=30672]
  0x0000016d939a28c0 GCTaskThread "GC Thread#12" [stack: 0x0000002823e00000,0x0000002823f00000] [id=30344]
  0x0000016d35137030 ConcurrentGCThread "G1 Main Marker" [stack: 0x0000002821500000,0x0000002821600000] [id=23308]
  0x0000016d35137a50 ConcurrentGCThread "G1 Conc#0" [stack: 0x0000002821600000,0x0000002821700000] [id=13864]
  0x0000016d93a272c0 ConcurrentGCThread "G1 Conc#1" [stack: 0x0000002823b00000,0x0000002823c00000] [id=27940]
  0x0000016d93a27840 ConcurrentGCThread "G1 Conc#2" [stack: 0x0000002823f00000,0x0000002824000000] [id=28072]
  0x0000016d4c006490 ConcurrentGCThread "G1 Refine#0" [stack: 0x0000002821700000,0x0000002821800000] [id=24000]
  0x0000016d95983a90 ConcurrentGCThread "G1 Refine#1" [stack: 0x0000002824700000,0x0000002824800000] [id=30160]
  0x0000016d95982be0 ConcurrentGCThread "G1 Refine#2" [stack: 0x0000002824800000,0x0000002824900000] [id=30568]
  0x0000016d95982ed0 ConcurrentGCThread "G1 Refine#3" [stack: 0x0000002824900000,0x0000002824a00000] [id=21296]
  0x0000016d95981a40 ConcurrentGCThread "G1 Refine#4" [stack: 0x0000002824500000,0x0000002824600000] [id=30428]
  0x0000016d95981d30 ConcurrentGCThread "G1 Refine#5" [stack: 0x0000002824a00000,0x0000002824b00000] [id=27668]
  0x0000016d95984070 ConcurrentGCThread "G1 Refine#6" [stack: 0x0000002824b00000,0x0000002824c00000] [id=24848]
  0x0000016d95984940 ConcurrentGCThread "G1 Refine#7" [stack: 0x0000002824c00000,0x0000002824d00000] [id=14880]
  0x0000016d95982020 ConcurrentGCThread "G1 Refine#8" [stack: 0x0000002824d00000,0x0000002824e00000] [id=29060]
  0x0000016d95980e80 ConcurrentGCThread "G1 Refine#9" [stack: 0x0000002824e00000,0x0000002824f00000] [id=29900]
  0x0000016d4c006ec0 ConcurrentGCThread "G1 Service" [stack: 0x0000002821800000,0x0000002821900000] [id=12728]

Threads with active compile tasks:

VM state: at safepoint (normal execution)

VM Mutex/Monitor currently owned by a thread:  ([mutex/lock_event])
[0x0000016d350b3690] Threads_lock - owner thread: 0x0000016d4c0ccad0
[0x0000016d350b3720] Heap_lock - owner thread: 0x0000016d92e64bb0

Heap address: 0x0000000702000000, size: 4064 MB, Compressed Oops mode: Zero based, Oop shift amount: 3

CDS archive(s) mapped at: [0x0000016d4d000000-0x0000016d4dbb0000-0x0000016d4dbb0000), size 12255232, SharedBaseAddress: 0x0000016d4d000000, ArchiveRelocationMode: 1.
Compressed class space mapped at: 0x0000016d4e000000-0x0000016d8e000000, reserved size: 1073741824
Narrow klass base: 0x0000016d4d000000, Narrow klass shift: 0, Narrow klass range: 0x100000000

GC Precious Log:
 CPUs: 16 total, 16 available
 Memory: 16253M
 Large Page Support: Disabled
 NUMA Support: Disabled
 Compressed Oops: Enabled (Zero based)
 Heap Region Size: 2M
 Heap Min Capacity: 8M
 Heap Initial Capacity: 254M
 Heap Max Capacity: 4064M
 Pre-touch: Disabled
 Parallel Workers: 13
 Concurrent Workers: 3
 Concurrent Refinement Workers: 13
 Periodic GC: Disabled

Heap:
 garbage-first heap   total 274432K, used 164448K [0x0000000702000000, 0x0000000800000000)
  region size 2048K, 4 young (8192K), 4 survivors (8192K)
 Metaspace       used 76265K, committed 76992K, reserved 1114112K
  class space    used 11329K, committed 11648K, reserved 1048576K

Heap Regions: E=young(eden), S=young(survivor), O=old, HS=humongous(starts), HC=humongous(continues), CS=collection set, F=free, OA=open archive, CA=closed archive, TAMS=top-at-mark-start (previous, next)
|   0|0x0000000702000000, 0x0000000702200000, 0x0000000702200000|100%| O|  |TAMS 0x0000000702200000, 0x0000000702200000| Untracked 
|   1|0x0000000702200000, 0x0000000702400000, 0x0000000702400000|100%| O|  |TAMS 0x0000000702400000, 0x0000000702400000| Untracked 
|   2|0x0000000702400000, 0x0000000702600000, 0x0000000702600000|100%| O|  |TAMS 0x0000000702600000, 0x0000000702600000| Untracked 
|   3|0x0000000702600000, 0x0000000702800000, 0x0000000702800000|100%| O|  |TAMS 0x0000000702800000, 0x0000000702800000| Untracked 
|   4|0x0000000702800000, 0x0000000702a00000, 0x0000000702a00000|100%| O|  |TAMS 0x0000000702a00000, 0x0000000702a00000| Untracked 
|   5|0x0000000702a00000, 0x0000000702c00000, 0x0000000702c00000|100%| O|  |TAMS 0x0000000702a00000, 0x0000000702c00000| Untracked 
|   6|0x0000000702c00000, 0x0000000702e00000, 0x0000000702e00000|100%| O|  |TAMS 0x0000000702e00000, 0x0000000702e00000| Untracked 
|   7|0x0000000702e00000, 0x0000000703000000, 0x0000000703000000|100%| O|  |TAMS 0x0000000703000000, 0x0000000703000000| Untracked 
|   8|0x0000000703000000, 0x0000000703200000, 0x0000000703200000|100%| O|  |TAMS 0x0000000703200000, 0x0000000703200000| Untracked 
|   9|0x0000000703200000, 0x0000000703400000, 0x0000000703400000|100%| O|  |TAMS 0x0000000703400000, 0x0000000703400000| Untracked 
|  10|0x0000000703400000, 0x0000000703600000, 0x0000000703600000|100%| O|  |TAMS 0x0000000703600000, 0x0000000703600000| Untracked 
|  11|0x0000000703600000, 0x0000000703800000, 0x0000000703800000|100%| O|  |TAMS 0x0000000703800000, 0x0000000703800000| Untracked 
|  12|0x0000000703800000, 0x0000000703a00000, 0x0000000703a00000|100%| O|  |TAMS 0x0000000703a00000, 0x0000000703a00000| Untracked 
|  13|0x0000000703a00000, 0x0000000703c00000, 0x0000000703c00000|100%| O|  |TAMS 0x0000000703c00000, 0x0000000703c00000| Untracked 
|  14|0x0000000703c00000, 0x0000000703e00000, 0x0000000703e00000|100%| O|  |TAMS 0x0000000703e00000, 0x0000000703e00000| Untracked 
|  15|0x0000000703e00000, 0x0000000704000000, 0x0000000704000000|100%| O|  |TAMS 0x0000000704000000, 0x0000000704000000| Untracked 
|  16|0x0000000704000000, 0x0000000704200000, 0x0000000704200000|100%| O|  |TAMS 0x0000000704200000, 0x0000000704200000| Untracked 
|  17|0x0000000704200000, 0x0000000704400000, 0x0000000704400000|100%| O|  |TAMS 0x0000000704400000, 0x0000000704400000| Untracked 
|  18|0x0000000704400000, 0x0000000704600000, 0x0000000704600000|100%| O|  |TAMS 0x0000000704600000, 0x0000000704600000| Untracked 
|  19|0x0000000704600000, 0x0000000704800000, 0x0000000704800000|100%| O|  |TAMS 0x0000000704800000, 0x0000000704800000| Untracked 
|  20|0x0000000704800000, 0x0000000704a00000, 0x0000000704a00000|100%| O|  |TAMS 0x0000000704a00000, 0x0000000704a00000| Untracked 
|  21|0x0000000704a00000, 0x0000000704c00000, 0x0000000704c00000|100%| O|  |TAMS 0x0000000704c00000, 0x0000000704c00000| Untracked 
|  22|0x0000000704c00000, 0x0000000704e00000, 0x0000000704e00000|100%| O|  |TAMS 0x0000000704e00000, 0x0000000704e00000| Untracked 
|  23|0x0000000704e00000, 0x0000000705000000, 0x0000000705000000|100%| O|  |TAMS 0x0000000705000000, 0x0000000705000000| Untracked 
|  24|0x0000000705000000, 0x0000000705200000, 0x0000000705200000|100%| O|  |TAMS 0x0000000705200000, 0x0000000705200000| Untracked 
|  25|0x0000000705200000, 0x0000000705400000, 0x0000000705400000|100%| O|  |TAMS 0x0000000705400000, 0x0000000705400000| Untracked 
|  26|0x0000000705400000, 0x0000000705600000, 0x0000000705600000|100%| O|  |TAMS 0x00000007055d4000, 0x0000000705600000| Untracked 
|  27|0x0000000705600000, 0x0000000705800000, 0x0000000705800000|100%| O|  |TAMS 0x0000000705600000, 0x0000000705800000| Untracked 
|  28|0x0000000705800000, 0x0000000705a00000, 0x0000000705a00000|100%| O|  |TAMS 0x0000000705800000, 0x0000000705a00000| Untracked 
|  29|0x0000000705a00000, 0x0000000705c00000, 0x0000000705c00000|100%| O|  |TAMS 0x0000000705a00000, 0x0000000705c00000| Untracked 
|  30|0x0000000705c00000, 0x0000000705e00000, 0x0000000705e00000|100%| O|  |TAMS 0x0000000705c00000, 0x0000000705e00000| Untracked 
|  31|0x0000000705e00000, 0x0000000706000000, 0x0000000706000000|100%| O|  |TAMS 0x0000000705e00000, 0x0000000706000000| Untracked 
|  32|0x0000000706000000, 0x0000000706200000, 0x0000000706200000|100%| O|  |TAMS 0x0000000706000000, 0x0000000706200000| Untracked 
|  33|0x0000000706200000, 0x0000000706400000, 0x0000000706400000|100%| O|  |TAMS 0x0000000706200000, 0x0000000706400000| Untracked 
|  34|0x0000000706400000, 0x0000000706600000, 0x0000000706600000|100%| O|  |TAMS 0x0000000706400000, 0x0000000706600000| Untracked 
|  35|0x0000000706600000, 0x0000000706800000, 0x0000000706800000|100%| O|  |TAMS 0x0000000706600000, 0x0000000706800000| Untracked 
|  36|0x0000000706800000, 0x0000000706a00000, 0x0000000706a00000|100%| O|  |TAMS 0x0000000706800000, 0x0000000706a00000| Untracked 
|  37|0x0000000706a00000, 0x0000000706c00000, 0x0000000706c00000|100%| O|  |TAMS 0x0000000706a00000, 0x0000000706c00000| Untracked 
|  38|0x0000000706c00000, 0x0000000706e00000, 0x0000000706e00000|100%| O|  |TAMS 0x0000000706c00000, 0x0000000706e00000| Untracked 
|  39|0x0000000706e00000, 0x0000000707000000, 0x0000000707000000|100%| O|  |TAMS 0x0000000706e00000, 0x0000000707000000| Untracked 
|  40|0x0000000707000000, 0x0000000707200000, 0x0000000707200000|100%| O|  |TAMS 0x0000000707000000, 0x0000000707200000| Untracked 
|  41|0x0000000707200000, 0x0000000707400000, 0x0000000707400000|100%| O|  |TAMS 0x0000000707200000, 0x0000000707400000| Untracked 
|  42|0x0000000707400000, 0x0000000707600000, 0x0000000707600000|100%| O|  |TAMS 0x0000000707400000, 0x0000000707600000| Untracked 
|  43|0x0000000707600000, 0x0000000707800000, 0x0000000707800000|100%|HS|  |TAMS 0x0000000707600000, 0x0000000707800000| Complete 
|  44|0x0000000707800000, 0x0000000707a00000, 0x0000000707a00000|100%| O|  |TAMS 0x0000000707800000, 0x0000000707a00000| Untracked 
|  45|0x0000000707a00000, 0x0000000707c00000, 0x0000000707c00000|100%| O|  |TAMS 0x0000000707a00000, 0x0000000707c00000| Untracked 
|  46|0x0000000707c00000, 0x0000000707e00000, 0x0000000707e00000|100%| O|  |TAMS 0x0000000707c00000, 0x0000000707e00000| Untracked 
|  47|0x0000000707e00000, 0x0000000708000000, 0x0000000708000000|100%| O|  |TAMS 0x0000000707e00000, 0x0000000708000000| Untracked 
|  48|0x0000000708000000, 0x0000000708200000, 0x0000000708200000|100%| O|  |TAMS 0x0000000708000000, 0x0000000708200000| Untracked 
|  49|0x0000000708200000, 0x0000000708400000, 0x0000000708400000|100%| O|  |TAMS 0x0000000708200000, 0x0000000708400000| Untracked 
|  50|0x0000000708400000, 0x0000000708600000, 0x0000000708600000|100%| O|  |TAMS 0x0000000708400000, 0x0000000708600000| Untracked 
|  51|0x0000000708600000, 0x0000000708800000, 0x0000000708800000|100%| O|  |TAMS 0x0000000708600000, 0x0000000708800000| Untracked 
|  52|0x0000000708800000, 0x0000000708a00000, 0x0000000708a00000|100%| O|  |TAMS 0x0000000708800000, 0x0000000708a00000| Untracked 
|  53|0x0000000708a00000, 0x0000000708c00000, 0x0000000708c00000|100%| O|  |TAMS 0x0000000708a00000, 0x0000000708c00000| Untracked 
|  54|0x0000000708c00000, 0x0000000708e00000, 0x0000000708e00000|100%| O|  |TAMS 0x0000000708c00000, 0x0000000708e00000| Untracked 
|  55|0x0000000708e00000, 0x0000000709000000, 0x0000000709000000|100%| O|  |TAMS 0x0000000708e00000, 0x0000000709000000| Untracked 
|  56|0x0000000709000000, 0x0000000709200000, 0x0000000709200000|100%| O|  |TAMS 0x0000000709000000, 0x0000000709200000| Untracked 
|  57|0x0000000709200000, 0x0000000709400000, 0x0000000709400000|100%| O|  |TAMS 0x0000000709200000, 0x0000000709400000| Untracked 
|  58|0x0000000709400000, 0x0000000709600000, 0x0000000709600000|100%| O|  |TAMS 0x0000000709400000, 0x0000000709600000| Untracked 
|  59|0x0000000709600000, 0x0000000709800000, 0x0000000709800000|100%| O|  |TAMS 0x0000000709600000, 0x0000000709800000| Untracked 
|  60|0x0000000709800000, 0x0000000709a00000, 0x0000000709a00000|100%| O|  |TAMS 0x0000000709800000, 0x0000000709a00000| Untracked 
|  61|0x0000000709a00000, 0x0000000709c00000, 0x0000000709c00000|100%| O|  |TAMS 0x0000000709a00000, 0x0000000709c00000| Untracked 
|  62|0x0000000709c00000, 0x0000000709e00000, 0x0000000709e00000|100%| O|  |TAMS 0x0000000709c00000, 0x0000000709e00000| Untracked 
|  63|0x0000000709e00000, 0x000000070a000000, 0x000000070a000000|100%| O|  |TAMS 0x0000000709e00000, 0x000000070a000000| Untracked 
|  64|0x000000070a000000, 0x000000070a200000, 0x000000070a200000|100%| O|  |TAMS 0x000000070a000000, 0x000000070a200000| Untracked 
|  65|0x000000070a200000, 0x000000070a400000, 0x000000070a400000|100%| O|  |TAMS 0x000000070a200000, 0x000000070a400000| Untracked 
|  66|0x000000070a400000, 0x000000070a600000, 0x000000070a600000|100%| O|  |TAMS 0x000000070a400000, 0x000000070a600000| Untracked 
|  67|0x000000070a600000, 0x000000070a800000, 0x000000070a800000|100%| O|  |TAMS 0x000000070a600000, 0x000000070a800000| Untracked 
|  68|0x000000070a800000, 0x000000070aa00000, 0x000000070aa00000|100%| O|  |TAMS 0x000000070a800000, 0x000000070aa00000| Untracked 
|  69|0x000000070aa00000, 0x000000070ac00000, 0x000000070ac00000|100%| O|  |TAMS 0x000000070aa00000, 0x000000070ac00000| Untracked 
|  70|0x000000070ac00000, 0x000000070ae00000, 0x000000070ae00000|100%| O|  |TAMS 0x000000070ac00000, 0x000000070ae00000| Untracked 
|  71|0x000000070ae00000, 0x000000070b000000, 0x000000070b000000|100%| O|  |TAMS 0x000000070ae00000, 0x000000070ae62200| Untracked 
|  72|0x000000070b000000, 0x000000070b200000, 0x000000070b200000|100%| O|  |TAMS 0x000000070b000000, 0x000000070b000000| Untracked 
|  73|0x000000070b200000, 0x000000070b400000, 0x000000070b400000|100%| O|  |TAMS 0x000000070b200000, 0x000000070b200000| Untracked 
|  74|0x000000070b400000, 0x000000070b600000, 0x000000070b600000|100%| O|  |TAMS 0x000000070b400000, 0x000000070b400000| Untracked 
|  75|0x000000070b600000, 0x000000070b800000, 0x000000070b800000|100%| O|  |TAMS 0x000000070b600000, 0x000000070b600000| Untracked 
|  76|0x000000070b800000, 0x000000070ba00000, 0x000000070ba00000|100%| O|  |TAMS 0x000000070b800000, 0x000000070b800000| Untracked 
|  77|0x000000070ba00000, 0x000000070ba6ba00, 0x000000070bc00000| 21%| O|  |TAMS 0x000000070ba00000, 0x000000070ba00000| Untracked 
|  78|0x000000070bc00000, 0x000000070bc00000, 0x000000070be00000|  0%| F|  |TAMS 0x000000070bc00000, 0x000000070bc00000| Untracked 
|  79|0x000000070be00000, 0x000000070be00000, 0x000000070c000000|  0%| F|  |TAMS 0x000000070be00000, 0x000000070be00000| Untracked 
|  80|0x000000070c000000, 0x000000070c000000, 0x000000070c200000|  0%| F|  |TAMS 0x000000070c000000, 0x000000070c000000| Untracked 
|  81|0x000000070c200000, 0x000000070c200000, 0x000000070c400000|  0%| F|  |TAMS 0x000000070c200000, 0x000000070c200000| Untracked 
|  82|0x000000070c400000, 0x000000070c400000, 0x000000070c600000|  0%| F|  |TAMS 0x000000070c400000, 0x000000070c400000| Untracked 
|  83|0x000000070c600000, 0x000000070c600000, 0x000000070c800000|  0%| F|  |TAMS 0x000000070c600000, 0x000000070c600000| Untracked 
|  84|0x000000070c800000, 0x000000070c800000, 0x000000070ca00000|  0%| F|  |TAMS 0x000000070c800000, 0x000000070c800000| Untracked 
|  85|0x000000070ca00000, 0x000000070ca00000, 0x000000070cc00000|  0%| F|  |TAMS 0x000000070ca00000, 0x000000070ca00000| Untracked 
|  86|0x000000070cc00000, 0x000000070cc00000, 0x000000070ce00000|  0%| F|  |TAMS 0x000000070cc00000, 0x000000070cc00000| Untracked 
|  87|0x000000070ce00000, 0x000000070ce00000, 0x000000070d000000|  0%| F|  |TAMS 0x000000070ce00000, 0x000000070ce00000| Untracked 
|  88|0x000000070d000000, 0x000000070d000000, 0x000000070d200000|  0%| F|  |TAMS 0x000000070d000000, 0x000000070d000000| Untracked 
|  89|0x000000070d200000, 0x000000070d200000, 0x000000070d400000|  0%| F|  |TAMS 0x000000070d200000, 0x000000070d200000| Untracked 
|  90|0x000000070d400000, 0x000000070d400000, 0x000000070d600000|  0%| F|  |TAMS 0x000000070d400000, 0x000000070d400000| Untracked 
|  91|0x000000070d600000, 0x000000070d600000, 0x000000070d800000|  0%| F|  |TAMS 0x000000070d600000, 0x000000070d600000| Untracked 
|  92|0x000000070d800000, 0x000000070d800000, 0x000000070da00000|  0%| F|  |TAMS 0x000000070d800000, 0x000000070d800000| Untracked 
|  93|0x000000070da00000, 0x000000070da00000, 0x000000070dc00000|  0%| F|  |TAMS 0x000000070da00000, 0x000000070da00000| Untracked 
|  94|0x000000070dc00000, 0x000000070dc00000, 0x000000070de00000|  0%| F|  |TAMS 0x000000070dc00000, 0x000000070dc00000| Untracked 
|  95|0x000000070de00000, 0x000000070de00000, 0x000000070e000000|  0%| F|  |TAMS 0x000000070de00000, 0x000000070de00000| Untracked 
|  96|0x000000070e000000, 0x000000070e000000, 0x000000070e200000|  0%| F|  |TAMS 0x000000070e000000, 0x000000070e000000| Untracked 
|  97|0x000000070e200000, 0x000000070e200000, 0x000000070e400000|  0%| F|  |TAMS 0x000000070e200000, 0x000000070e200000| Untracked 
|  98|0x000000070e400000, 0x000000070e400000, 0x000000070e600000|  0%| F|  |TAMS 0x000000070e400000, 0x000000070e400000| Untracked 
|  99|0x000000070e600000, 0x000000070e600000, 0x000000070e800000|  0%| F|  |TAMS 0x000000070e600000, 0x000000070e600000| Untracked 
| 100|0x000000070e800000, 0x000000070e800000, 0x000000070ea00000|  0%| F|  |TAMS 0x000000070e800000, 0x000000070e800000| Untracked 
| 101|0x000000070ea00000, 0x000000070ea00000, 0x000000070ec00000|  0%| F|  |TAMS 0x000000070ea00000, 0x000000070ea00000| Untracked 
| 102|0x000000070ec00000, 0x000000070ec00000, 0x000000070ee00000|  0%| F|  |TAMS 0x000000070ec00000, 0x000000070ec00000| Untracked 
| 103|0x000000070ee00000, 0x000000070ee00000, 0x000000070f000000|  0%| F|  |TAMS 0x000000070ee00000, 0x000000070ee00000| Untracked 
| 104|0x000000070f000000, 0x000000070f000000, 0x000000070f200000|  0%| F|  |TAMS 0x000000070f000000, 0x000000070f000000| Untracked 
| 105|0x000000070f200000, 0x000000070f200000, 0x000000070f400000|  0%| F|  |TAMS 0x000000070f200000, 0x000000070f200000| Untracked 
| 106|0x000000070f400000, 0x000000070f400000, 0x000000070f600000|  0%| F|  |TAMS 0x000000070f400000, 0x000000070f400000| Untracked 
| 107|0x000000070f600000, 0x000000070f600000, 0x000000070f800000|  0%| F|  |TAMS 0x000000070f600000, 0x000000070f600000| Untracked 
| 108|0x000000070f800000, 0x000000070f800000, 0x000000070fa00000|  0%| F|  |TAMS 0x000000070f800000, 0x000000070f800000| Untracked 
| 109|0x000000070fa00000, 0x000000070fa00000, 0x000000070fc00000|  0%| F|  |TAMS 0x000000070fa00000, 0x000000070fa00000| Untracked 
| 110|0x000000070fc00000, 0x000000070fc00000, 0x000000070fe00000|  0%| F|  |TAMS 0x000000070fc00000, 0x000000070fc00000| Untracked 
| 111|0x000000070fe00000, 0x000000070fe00000, 0x0000000710000000|  0%| F|  |TAMS 0x000000070fe00000, 0x000000070fe00000| Untracked 
| 112|0x0000000710000000, 0x0000000710000000, 0x0000000710200000|  0%| F|  |TAMS 0x0000000710000000, 0x0000000710000000| Untracked 
| 113|0x0000000710200000, 0x0000000710200000, 0x0000000710400000|  0%| F|  |TAMS 0x0000000710200000, 0x0000000710200000| Untracked 
| 114|0x0000000710400000, 0x0000000710400000, 0x0000000710600000|  0%| F|  |TAMS 0x0000000710400000, 0x0000000710400000| Untracked 
| 115|0x0000000710600000, 0x0000000710600000, 0x0000000710800000|  0%| F|  |TAMS 0x0000000710600000, 0x0000000710600000| Untracked 
| 116|0x0000000710800000, 0x0000000710800000, 0x0000000710a00000|  0%| F|  |TAMS 0x0000000710800000, 0x0000000710800000| Untracked 
| 117|0x0000000710a00000, 0x0000000710a00000, 0x0000000710c00000|  0%| F|  |TAMS 0x0000000710a00000, 0x0000000710a00000| Untracked 
| 118|0x0000000710c00000, 0x0000000710c00000, 0x0000000710e00000|  0%| F|  |TAMS 0x0000000710c00000, 0x0000000710c00000| Untracked 
| 119|0x0000000710e00000, 0x0000000710e00000, 0x0000000711000000|  0%| F|  |TAMS 0x0000000710e00000, 0x0000000710e00000| Untracked 
| 120|0x0000000711000000, 0x0000000711000000, 0x0000000711200000|  0%| F|  |TAMS 0x0000000711000000, 0x0000000711000000| Untracked 
| 121|0x0000000711200000, 0x0000000711200000, 0x0000000711400000|  0%| F|  |TAMS 0x0000000711200000, 0x0000000711200000| Untracked 
| 122|0x0000000711400000, 0x0000000711400000, 0x0000000711600000|  0%| F|  |TAMS 0x0000000711400000, 0x0000000711400000| Untracked 
| 123|0x0000000711600000, 0x000000071162c7d0, 0x0000000711800000|  8%| S|CS|TAMS 0x0000000711600000, 0x0000000711600000| Complete 
| 124|0x0000000711800000, 0x0000000711a00000, 0x0000000711a00000|100%| S|CS|TAMS 0x0000000711800000, 0x0000000711800000| Complete 
| 125|0x0000000711a00000, 0x0000000711c00000, 0x0000000711c00000|100%| S|CS|TAMS 0x0000000711a00000, 0x0000000711a00000| Complete 
| 126|0x0000000711c00000, 0x0000000711e00000, 0x0000000711e00000|100%| S|CS|TAMS 0x0000000711c00000, 0x0000000711c00000| Complete 
| 127|0x0000000711e00000, 0x0000000711e00000, 0x0000000712000000|  0%| F|  |TAMS 0x0000000711e00000, 0x0000000711e00000| Untracked 
| 128|0x0000000712000000, 0x0000000712000000, 0x0000000712200000|  0%| F|  |TAMS 0x0000000712000000, 0x0000000712000000| Untracked 
| 129|0x0000000712200000, 0x0000000712200000, 0x0000000712400000|  0%| F|  |TAMS 0x0000000712200000, 0x0000000712200000| Untracked 
| 130|0x0000000712400000, 0x0000000712400000, 0x0000000712600000|  0%| F|  |TAMS 0x0000000712400000, 0x0000000712400000| Untracked 
| 131|0x0000000712600000, 0x0000000712600000, 0x0000000712800000|  0%| F|  |TAMS 0x0000000712600000, 0x0000000712600000| Untracked 
| 132|0x0000000712800000, 0x0000000712800000, 0x0000000712a00000|  0%| F|  |TAMS 0x0000000712800000, 0x0000000712800000| Untracked 
| 133|0x0000000712a00000, 0x0000000712a00000, 0x0000000712c00000|  0%| F|  |TAMS 0x0000000712a00000, 0x0000000712a00000| Untracked 

Card table byte_map: [0x0000016d40a20000,0x0000016d41210000] _byte_map_base: 0x0000016d3d210000

Marking Bits (Prev, Next): (CMBitMap*) 0x0000016d351248e0, (CMBitMap*) 0x0000016d35124920
 Prev Bits: [0x0000016d41a00000, 0x0000016d45980000)
 Next Bits: [0x0000016d45980000, 0x0000016d49900000)

Polling page: 0x0000016d34850000

Metaspace:

Usage:
  Non-class:     63.41 MB used.
      Class:     11.06 MB used.
       Both:     74.48 MB used.

Virtual space:
  Non-class space:       64.00 MB reserved,      63.81 MB (>99%) committed,  1 nodes.
      Class space:        1.00 GB reserved,      11.38 MB (  1%) committed,  1 nodes.
             Both:        1.06 GB reserved,      75.19 MB (  7%) committed. 

Chunk freelists:
   Non-Class:  126.00 KB
       Class:  4.45 MB
        Both:  4.57 MB

MaxMetaspaceSize: unlimited
CompressedClassSpaceSize: 1.00 GB
Initial GC threshold: 21.00 MB
Current GC threshold: 125.31 MB
CDS: on
MetaspaceReclaimPolicy: balanced
 - commit_granule_bytes: 65536.
 - commit_granule_words: 8192.
 - virtual_space_node_default_size: 8388608.
 - enlarge_chunks_in_place: 1.
 - new_chunks_are_fully_committed: 0.
 - uncommit_free_chunks: 1.
 - use_allocation_guard: 0.
 - handle_deallocations: 1.


Internal statistics:

num_allocs_failed_limit: 11.
num_arena_births: 1024.
num_arena_deaths: 26.
num_vsnodes_births: 2.
num_vsnodes_deaths: 0.
num_space_committed: 1203.
num_space_uncommitted: 0.
num_chunks_returned_to_freelist: 50.
num_chunks_taken_from_freelist: 3926.
num_chunk_merges: 20.
num_chunk_splits: 2760.
num_chunks_enlarged: 2082.
num_inconsistent_stats: 0.

CodeCache: size=49152Kb used=17063Kb max_used=17063Kb free=32088Kb
 bounds [0x0000016d3cbd0000, 0x0000016d3dc80000, 0x0000016d3fbd0000]
 total_blobs=9461 nmethods=8777 adapters=606
 compilation: enabled
              stopped_count=0, restarted_count=0
 full_count=0

Compilation events (20 events):
Event: 10.851 Thread 0x0000016d4cbb42c0 8769       1       java.lang.StringConcatHelper::prepend (22 bytes)
Event: 10.852 Thread 0x0000016d4cbb5100 nmethod 8765 0x0000016d3dc76b10 code [0x0000016d3dc76cc0, 0x0000016d3dc76dd8]
Event: 10.852 Thread 0x0000016d4c0ef3f0 nmethod 8768 0x0000016d3dc76f10 code [0x0000016d3dc770c0, 0x0000016d3dc771d8]
Event: 10.852 Thread 0x0000016d4cbb5100 8770       1       java.lang.StringConcatHelper::prepend (30 bytes)
Event: 10.852 Thread 0x0000016d4c0ef3f0 8771       1       java.lang.invoke.LambdaForm$MH/0x0000016d4e0d0000::invoke (27 bytes)
Event: 10.852 Thread 0x0000016d4cbb4be0 nmethod 8767 0x0000016d3dc77310 code [0x0000016d3dc774c0, 0x0000016d3dc77638]
Event: 10.852 Thread 0x0000016d4cbb42c0 nmethod 8769 0x0000016d3dc77790 code [0x0000016d3dc77940, 0x0000016d3dc77aa8]
Event: 10.852 Thread 0x0000016d4cbb9cd0 nmethod 8766 0x0000016d3dc77b90 code [0x0000016d3dc77d40, 0x0000016d3dc77eb8]
Event: 10.852 Thread 0x0000016d4cbb4be0 8772       1       com.sun.jmx.remote.util.ClassLogger::traceOn (13 bytes)
Event: 10.852 Thread 0x0000016d4cbb42c0 8773       1       java.io.SerialCallbackContext::getDesc (5 bytes)
Event: 10.853 Thread 0x0000016d4c0ef3f0 nmethod 8771 0x0000016d3dc77f90 code [0x0000016d3dc78140, 0x0000016d3dc782b8]
Event: 10.853 Thread 0x0000016d4cbb5100 nmethod 8770 0x0000016d3dc78390 code [0x0000016d3dc78540, 0x0000016d3dc78678]
Event: 10.853 Thread 0x0000016d4cbb42c0 nmethod 8773 0x0000016d3dc78710 code [0x0000016d3dc788a0, 0x0000016d3dc78978]
Event: 10.853 Thread 0x0000016d4cbb4be0 nmethod 8772 0x0000016d3dc78a10 code [0x0000016d3dc78ba0, 0x0000016d3dc78ca8]
Event: 10.867 Thread 0x0000016d4cbb5100 8774       1       sun.nio.ch.NioSocketImpl::timedRead (85 bytes)
Event: 10.867 Thread 0x0000016d4c0ef3f0 8775       1       java.io.DataOutputStream::incCount (20 bytes)
Event: 10.867 Thread 0x0000016d4cbb5100 nmethod 8774 0x0000016d3dc78d10 code [0x0000016d3dc78ee0, 0x0000016d3dc79198]
Event: 10.867 Thread 0x0000016d4c0ef3f0 nmethod 8775 0x0000016d3dc79310 code [0x0000016d3dc794a0, 0x0000016d3dc79578]
Event: 10.868 Thread 0x0000016d4cbb42c0 8776       1       java.io.ObjectInputStream$FilterValues::arrayLength (5 bytes)
Event: 10.868 Thread 0x0000016d4cbb42c0 nmethod 8776 0x0000016d3dc79a90 code [0x0000016d3dc79c20, 0x0000016d3dc79cf8]

GC Heap History (20 events):
Event: 9.740 GC heap after
{Heap after GC invocations=25 (full 0):
 garbage-first heap   total 110592K, used 52399K [0x0000000702000000, 0x0000000800000000)
  region size 2048K, 3 young (6144K), 3 survivors (6144K)
 Metaspace       used 76113K, committed 76800K, reserved 1114112K
  class space    used 11319K, committed 11648K, reserved 1048576K
}
Event: 9.828 GC heap before
{Heap before GC invocations=25 (full 0):
 garbage-first heap   total 110592K, used 85167K [0x0000000702000000, 0x0000000800000000)
  region size 2048K, 19 young (38912K), 3 survivors (6144K)
 Metaspace       used 76114K, committed 76800K, reserved 1114112K
  class space    used 11319K, committed 11648K, reserved 1048576K
}
Event: 9.833 GC heap after
{Heap after GC invocations=26 (full 0):
 garbage-first heap   total 110592K, used 57139K [0x0000000702000000, 0x0000000800000000)
  region size 2048K, 3 young (6144K), 3 survivors (6144K)
 Metaspace       used 76114K, committed 76800K, reserved 1114112K
  class space    used 11319K, committed 11648K, reserved 1048576K
}
Event: 9.898 GC heap before
{Heap before GC invocations=26 (full 0):
 garbage-first heap   total 110592K, used 83763K [0x0000000702000000, 0x0000000800000000)
  region size 2048K, 16 young (32768K), 3 survivors (6144K)
 Metaspace       used 76115K, committed 76800K, reserved 1114112K
  class space    used 11319K, committed 11648K, reserved 1048576K
}
Event: 9.900 GC heap after
{Heap after GC invocations=27 (full 0):
 garbage-first heap   total 110592K, used 54887K [0x0000000702000000, 0x0000000800000000)
  region size 2048K, 1 young (2048K), 1 survivors (2048K)
 Metaspace       used 76115K, committed 76800K, reserved 1114112K
  class space    used 11319K, committed 11648K, reserved 1048576K
}
Event: 10.076 GC heap before
{Heap before GC invocations=28 (full 0):
 garbage-first heap   total 112640K, used 85607K [0x0000000702000000, 0x0000000800000000)
  region size 2048K, 16 young (32768K), 1 survivors (2048K)
 Metaspace       used 76264K, committed 76992K, reserved 1114112K
  class space    used 11329K, committed 11648K, reserved 1048576K
}
Event: 10.078 GC heap after
{Heap after GC invocations=29 (full 0):
 garbage-first heap   total 112640K, used 54613K [0x0000000702000000, 0x0000000800000000)
  region size 2048K, 1 young (2048K), 1 survivors (2048K)
 Metaspace       used 76264K, committed 76992K, reserved 1114112K
  class space    used 11329K, committed 11648K, reserved 1048576K
}
Event: 10.163 GC heap before
{Heap before GC invocations=29 (full 0):
 garbage-first heap   total 112640K, used 89429K [0x0000000702000000, 0x0000000800000000)
  region size 2048K, 18 young (36864K), 1 survivors (2048K)
 Metaspace       used 76264K, committed 76992K, reserved 1114112K
  class space    used 11329K, committed 11648K, reserved 1048576K
}
Event: 10.169 GC heap after
{Heap after GC invocations=30 (full 0):
 garbage-first heap   total 112640K, used 67301K [0x0000000702000000, 0x0000000800000000)
  region size 2048K, 3 young (6144K), 3 survivors (6144K)
 Metaspace       used 76264K, committed 76992K, reserved 1114112K
  class space    used 11329K, committed 11648K, reserved 1048576K
}
Event: 10.234 GC heap before
{Heap before GC invocations=31 (full 0):
 garbage-first heap   total 137216K, used 85733K [0x0000000702000000, 0x0000000800000000)
  region size 2048K, 12 young (24576K), 3 survivors (6144K)
 Metaspace       used 76264K, committed 76992K, reserved 1114112K
  class space    used 11329K, committed 11648K, reserved 1048576K
}
Event: 10.240 GC heap after
{Heap after GC invocations=32 (full 0):
 garbage-first heap   total 137216K, used 72858K [0x0000000702000000, 0x0000000800000000)
  region size 2048K, 2 young (4096K), 2 survivors (4096K)
 Metaspace       used 76264K, committed 76992K, reserved 1114112K
  class space    used 11329K, committed 11648K, reserved 1048576K
}
Event: 10.245 GC heap before
{Heap before GC invocations=32 (full 0):
 garbage-first heap   total 137216K, used 74906K [0x0000000702000000, 0x0000000800000000)
  region size 2048K, 3 young (6144K), 2 survivors (4096K)
 Metaspace       used 76264K, committed 76992K, reserved 1114112K
  class space    used 11329K, committed 11648K, reserved 1048576K
}
Event: 10.250 GC heap after
{Heap after GC invocations=33 (full 0):
 garbage-first heap   total 274432K, used 74567K [0x0000000702000000, 0x0000000800000000)
  region size 2048K, 1 young (2048K), 1 survivors (2048K)
 Metaspace       used 76264K, committed 76992K, reserved 1114112K
  class space    used 11329K, committed 11648K, reserved 1048576K
}
Event: 10.546 GC heap before
{Heap before GC invocations=33 (full 0):
 garbage-first heap   total 274432K, used 179015K [0x0000000702000000, 0x0000000800000000)
  region size 2048K, 52 young (106496K), 1 survivors (2048K)
 Metaspace       used 76265K, committed 76992K, reserved 1114112K
  class space    used 11329K, committed 11648K, reserved 1048576K
}
Event: 10.557 GC heap after
{Heap after GC invocations=34 (full 0):
 garbage-first heap   total 274432K, used 100670K [0x0000000702000000, 0x0000000800000000)
  region size 2048K, 7 young (14336K), 7 survivors (14336K)
 Metaspace       used 76265K, committed 76992K, reserved 1114112K
  class space    used 11329K, committed 11648K, reserved 1048576K
}
Event: 10.773 GC heap before
{Heap before GC invocations=34 (full 0):
 garbage-first heap   total 274432K, used 180542K [0x0000000702000000, 0x0000000800000000)
  region size 2048K, 45 young (92160K), 7 survivors (14336K)
 Metaspace       used 76265K, committed 76992K, reserved 1114112K
  class space    used 11329K, committed 11648K, reserved 1048576K
}
Event: 10.789 GC heap after
{Heap after GC invocations=35 (full 0):
 garbage-first heap   total 274432K, used 129372K [0x0000000702000000, 0x0000000800000000)
  region size 2048K, 6 young (12288K), 6 survivors (12288K)
 Metaspace       used 76265K, committed 76992K, reserved 1114112K
  class space    used 11329K, committed 11648K, reserved 1048576K
}
Event: 10.955 GC heap before
{Heap before GC invocations=35 (full 0):
 garbage-first heap   total 274432K, used 194908K [0x0000000702000000, 0x0000000800000000)
  region size 2048K, 38 young (77824K), 6 survivors (12288K)
 Metaspace       used 76265K, committed 76992K, reserved 1114112K
  class space    used 11329K, committed 11648K, reserved 1048576K
}
Event: 10.970 GC heap after
{Heap after GC invocations=36 (full 0):
 garbage-first heap   total 274432K, used 156040K [0x0000000702000000, 0x0000000800000000)
  region size 2048K, 5 young (10240K), 5 survivors (10240K)
 Metaspace       used 76265K, committed 76992K, reserved 1114112K
  class space    used 11329K, committed 11648K, reserved 1048576K
}
Event: 11.006 GC heap before
{Heap before GC invocations=36 (full 0):
 garbage-first heap   total 274432K, used 168328K [0x0000000702000000, 0x0000000800000000)
  region size 2048K, 12 young (24576K), 5 survivors (10240K)
 Metaspace       used 76265K, committed 76992K, reserved 1114112K
  class space    used 11329K, committed 11648K, reserved 1048576K
}

Dll operation events (14 events):
Event: 0.011 Loaded shared library C:\Users\admin\.jdks\corretto-17.0.13\bin\java.dll
Event: 0.030 Loaded shared library C:\Users\admin\.jdks\corretto-17.0.13\bin\jsvml.dll
Event: 0.203 Loaded shared library C:\Users\admin\.jdks\corretto-17.0.13\bin\zip.dll
Event: 0.206 Loaded shared library C:\Users\admin\.jdks\corretto-17.0.13\bin\instrument.dll
Event: 0.215 Loaded shared library C:\Users\admin\.jdks\corretto-17.0.13\bin\net.dll
Event: 0.217 Loaded shared library C:\Users\admin\.jdks\corretto-17.0.13\bin\nio.dll
Event: 0.220 Loaded shared library C:\Users\admin\.jdks\corretto-17.0.13\bin\zip.dll
Event: 0.333 Loaded shared library C:\Users\admin\.jdks\corretto-17.0.13\bin\jimage.dll
Event: 0.368 Loaded shared library D:\IntelliJ IDEA 2024.3\bin\breakgen64.dll
Event: 0.381 Loaded shared library C:\Users\admin\.jdks\corretto-17.0.13\bin\extnet.dll
Event: 0.390 Loaded shared library C:\Users\admin\.jdks\corretto-17.0.13\bin\management.dll
Event: 0.404 Loaded shared library C:\Users\admin\.jdks\corretto-17.0.13\bin\management_ext.dll
Event: 2.004 Loaded shared library C:\Users\admin\.jdks\corretto-17.0.13\bin\sunmscapi.dll
Event: 4.799 Loaded shared library C:\Users\admin\.jdks\corretto-17.0.13\bin\verify.dll

Deoptimization events (2 events):
Event: 9.327 Thread 0x0000016d92e64bb0 DEOPT PACKING pc=0x0000016d3d2c6e52 sp=0x00000028238f9cd0
Event: 9.327 Thread 0x0000016d92e64bb0 DEOPT UNPACKING pc=0x0000016d3cc27143 sp=0x00000028238f91d8 mode 3

Classes loaded (20 events):
Event: 9.283 Loading class javax/net/ssl/X509TrustManager done
Event: 9.283 Loading class javax/net/ssl/X509ExtendedTrustManager
Event: 9.283 Loading class javax/net/ssl/X509ExtendedTrustManager done
Event: 9.283 Loading class sun/security/ssl/X509TrustManagerImpl done
Event: 9.283 Loading class sun/security/ssl/SSLSocketFactoryImpl
Event: 9.283 Loading class sun/security/ssl/SSLSocketFactoryImpl done
Event: 9.294 Loading class java/net/NoRouteToHostException
Event: 9.294 Loading class java/net/NoRouteToHostException done
Event: 9.326 Loading class java/util/concurrent/ConcurrentHashMap$TreeNode
Event: 9.327 Loading class java/util/concurrent/ConcurrentHashMap$TreeNode done
Event: 9.327 Loading class java/util/concurrent/ConcurrentHashMap$TreeBin
Event: 9.327 Loading class java/util/concurrent/ConcurrentHashMap$TreeBin done
Event: 9.372 Loading class java/lang/StringIndexOutOfBoundsException
Event: 9.372 Loading class java/lang/StringIndexOutOfBoundsException done
Event: 9.539 Loading class java/util/EnumMap$EntrySet
Event: 9.539 Loading class java/util/EnumMap$EntrySet done
Event: 9.539 Loading class java/util/EnumMap$EntryIterator
Event: 9.539 Loading class java/util/EnumMap$EnumMapIterator
Event: 9.539 Loading class java/util/EnumMap$EnumMapIterator done
Event: 9.539 Loading class java/util/EnumMap$EntryIterator done

Classes unloaded (13 events):
Event: 9.929 Thread 0x0000016d4c0ccad0 Unloading class 0x0000016d4eb8d800 'jdk/internal/reflect/GeneratedSerializationConstructorAccessor38'
Event: 9.929 Thread 0x0000016d4c0ccad0 Unloading class 0x0000016d4eb8d400 'jdk/internal/reflect/GeneratedSerializationConstructorAccessor37'
Event: 9.929 Thread 0x0000016d4c0ccad0 Unloading class 0x0000016d4eb8cc00 'jdk/internal/reflect/GeneratedSerializationConstructorAccessor36'
Event: 9.929 Thread 0x0000016d4c0ccad0 Unloading class 0x0000016d4eb8c800 'jdk/internal/reflect/GeneratedSerializationConstructorAccessor35'
Event: 9.929 Thread 0x0000016d4c0ccad0 Unloading class 0x0000016d4eb8c400 'jdk/internal/reflect/GeneratedSerializationConstructorAccessor34'
Event: 9.929 Thread 0x0000016d4c0ccad0 Unloading class 0x0000016d4eb8c000 'jdk/internal/reflect/GeneratedSerializationConstructorAccessor33'
Event: 9.929 Thread 0x0000016d4c0ccad0 Unloading class 0x0000016d4eb85800 'jdk/internal/reflect/GeneratedSerializationConstructorAccessor32'
Event: 9.929 Thread 0x0000016d4c0ccad0 Unloading class 0x0000016d4eb85000 'jdk/internal/reflect/GeneratedSerializationConstructorAccessor31'
Event: 9.929 Thread 0x0000016d4c0ccad0 Unloading class 0x0000016d4eb84c00 'jdk/internal/reflect/GeneratedSerializationConstructorAccessor30'
Event: 9.929 Thread 0x0000016d4c0ccad0 Unloading class 0x0000016d4eb84800 'jdk/internal/reflect/GeneratedSerializationConstructorAccessor29'
Event: 9.929 Thread 0x0000016d4c0ccad0 Unloading class 0x0000016d4eb84400 'jdk/internal/reflect/GeneratedSerializationConstructorAccessor28'
Event: 9.929 Thread 0x0000016d4c0ccad0 Unloading class 0x0000016d4eb84000 'jdk/internal/reflect/GeneratedSerializationConstructorAccessor27'
Event: 9.929 Thread 0x0000016d4c0ccad0 Unloading class 0x0000016d4ea88800 'jdk/internal/reflect/GeneratedSerializationConstructorAccessor26'

Classes redefined (0 events):
No events

Internal exceptions (20 events):
Event: 8.172 Thread 0x0000016d92e64bb0 Exception <a 'java/lang/IncompatibleClassChangeError'{0x0000000705967e80}: Found class java.lang.Object, but interface was expected> (0x0000000705967e80) 
thrown [s\src\hotspot\share\interpreter\linkResolver.cpp, line 826]
Event: 8.172 Thread 0x0000016d92e64bb0 Exception <a 'java/lang/IncompatibleClassChangeError'{0x000000070596e700}: Found class java.lang.Object, but interface was expected> (0x000000070596e700) 
thrown [s\src\hotspot\share\interpreter\linkResolver.cpp, line 826]
Event: 8.213 Thread 0x0000016d92e64bb0 Exception <a 'java/lang/NoSuchMethodError'{0x000000070573df70}: 'java.lang.Object java.lang.invoke.DirectMethodHandle$Holder.invokeStatic(java.lang.Object, int, java.lang.Object)'> (0x000000070573df70) 
thrown [s\src\hotspot\share\interpreter\linkResolver.cpp, line 759]
Event: 8.219 Thread 0x0000016d92e64bb0 Exception <a 'java/lang/reflect/InvocationTargetException'{0x0000000705779c88}> (0x0000000705779c88) 
thrown [s\src\hotspot\share\runtime\reflection.cpp, line 1128]
Event: 8.220 Thread 0x0000016d92e64bb0 Exception <a 'java/lang/reflect/InvocationTargetException'{0x0000000705784c20}> (0x0000000705784c20) 
thrown [s\src\hotspot\share\runtime\reflection.cpp, line 1128]
Event: 8.221 Thread 0x0000016d92e64bb0 Exception <a 'java/lang/reflect/InvocationTargetException'{0x000000070578ffd0}> (0x000000070578ffd0) 
thrown [s\src\hotspot\share\runtime\reflection.cpp, line 1128]
Event: 8.263 Thread 0x0000016d92e64bb0 Exception <a 'java/lang/reflect/InvocationTargetException'{0x00000007102f5bb0}> (0x00000007102f5bb0) 
thrown [s\src\hotspot\share\runtime\reflection.cpp, line 1128]
Event: 8.266 Thread 0x0000016d92e64bb0 Exception <a 'java/lang/reflect/InvocationTargetException'{0x000000071030f258}> (0x000000071030f258) 
thrown [s\src\hotspot\share\runtime\reflection.cpp, line 1128]
Event: 8.268 Thread 0x0000016d92e64bb0 Exception <a 'java/lang/reflect/InvocationTargetException'{0x0000000710322988}> (0x0000000710322988) 
thrown [s\src\hotspot\share\runtime\reflection.cpp, line 1128]
Event: 8.294 Thread 0x0000016d92e64bb0 Exception <a 'java/lang/reflect/InvocationTargetException'{0x0000000710191ed0}> (0x0000000710191ed0) 
thrown [s\src\hotspot\share\runtime\reflection.cpp, line 1128]
Event: 8.296 Thread 0x0000016d92e64bb0 Exception <a 'java/lang/reflect/InvocationTargetException'{0x00000007101a6e78}> (0x00000007101a6e78) 
thrown [s\src\hotspot\share\runtime\reflection.cpp, line 1128]
Event: 8.298 Thread 0x0000016d92e64bb0 Exception <a 'java/lang/reflect/InvocationTargetException'{0x00000007101b4060}> (0x00000007101b4060) 
thrown [s\src\hotspot\share\runtime\reflection.cpp, line 1128]
Event: 8.301 Thread 0x0000016d92e64bb0 Exception <a 'java/lang/reflect/InvocationTargetException'{0x00000007101e9810}> (0x00000007101e9810) 
thrown [s\src\hotspot\share\runtime\reflection.cpp, line 1128]
Event: 8.824 Thread 0x0000016d92e64bb0 Exception <a 'java/lang/reflect/InvocationTargetException'{0x0000000710073288}> (0x0000000710073288) 
thrown [s\src\hotspot\share\runtime\reflection.cpp, line 1128]
Event: 8.849 Thread 0x0000016d92e64bb0 Exception <a 'java/lang/reflect/InvocationTargetException'{0x00000007080a5098}> (0x00000007080a5098) 
thrown [s\src\hotspot\share\runtime\reflection.cpp, line 1128]
Event: 8.852 Thread 0x0000016d92e64bb0 Exception <a 'java/lang/reflect/InvocationTargetException'{0x00000007080c29c0}> (0x00000007080c29c0) 
thrown [s\src\hotspot\share\runtime\reflection.cpp, line 1128]
Event: 8.926 Thread 0x0000016d92e64bb0 Exception <a 'java/lang/NoSuchMethodError'{0x0000000707d91088}: 'int java.lang.invoke.DirectMethodHandle$Holder.invokeStaticInit(java.lang.Object, int, java.lang.Object, java.lang.Object, java.lang.Object, java.lang.Object)'> (0x0000000707d91088) 
thrown [s\src\hotspot\share\interpreter\linkResolver.cpp, line 759]
Event: 8.953 Thread 0x0000016d92e64bb0 Exception <a 'java/lang/reflect/InvocationTargetException'{0x0000000707b65938}> (0x0000000707b65938) 
thrown [s\src\hotspot\share\runtime\reflection.cpp, line 1128]
Event: 8.954 Thread 0x0000016d92e64bb0 Exception <a 'java/lang/reflect/InvocationTargetException'{0x0000000707b72ca0}> (0x0000000707b72ca0) 
thrown [s\src\hotspot\share\runtime\reflection.cpp, line 1128]
Event: 9.510 Thread 0x0000016d92e64bb0 Exception <a 'sun/nio/fs/WindowsException'{0x0000000707f3c088}> (0x0000000707f3c088) 
thrown [s\src\hotspot\share\prims\jni.cpp, line 516]

VM Operations (20 events):
Event: 9.956 Executing VM operation: G1PauseCleanup done
Event: 10.076 Executing VM operation: G1CollectForAllocation
Event: 10.078 Executing VM operation: G1CollectForAllocation done
Event: 10.162 Executing VM operation: G1CollectForAllocation
Event: 10.169 Executing VM operation: G1CollectForAllocation done
Event: 10.198 Executing VM operation: G1PauseRemark
Event: 10.204 Executing VM operation: G1PauseRemark done
Event: 10.221 Executing VM operation: G1PauseCleanup
Event: 10.221 Executing VM operation: G1PauseCleanup done
Event: 10.234 Executing VM operation: G1CollectForAllocation
Event: 10.240 Executing VM operation: G1CollectForAllocation done
Event: 10.245 Executing VM operation: G1CollectForAllocation
Event: 10.250 Executing VM operation: G1CollectForAllocation done
Event: 10.546 Executing VM operation: G1CollectForAllocation
Event: 10.557 Executing VM operation: G1CollectForAllocation done
Event: 10.773 Executing VM operation: G1CollectForAllocation
Event: 10.789 Executing VM operation: G1CollectForAllocation done
Event: 10.955 Executing VM operation: G1CollectForAllocation
Event: 10.970 Executing VM operation: G1CollectForAllocation done
Event: 11.006 Executing VM operation: G1TryInitiateConcMark

Memory protections (0 events):
No events

Nmethod flushes (0 events):
No events

Events (20 events):
Event: 6.817 Thread 0x0000016d926d9a80 Thread added: 0x0000016d95083060
Event: 6.820 Thread 0x0000016d95083060 Thread exited: 0x0000016d95083060
Event: 7.323 Thread 0x0000016d926d9a80 Thread added: 0x0000016d95089090
Event: 7.326 Thread 0x0000016d95089090 Thread exited: 0x0000016d95089090
Event: 7.827 Thread 0x0000016d926d9a80 Thread added: 0x0000016d950853d0
Event: 7.831 Thread 0x0000016d950853d0 Thread exited: 0x0000016d950853d0
Event: 8.334 Thread 0x0000016d926d9a80 Thread added: 0x0000016d95084ec0
Event: 8.338 Thread 0x0000016d95084ec0 Thread exited: 0x0000016d95084ec0
Event: 8.840 Thread 0x0000016d926d9a80 Thread added: 0x0000016d95088670
Event: 8.844 Thread 0x0000016d95088670 Thread exited: 0x0000016d95088670
Event: 9.347 Thread 0x0000016d926d9a80 Thread added: 0x0000016d95088670
Event: 9.350 Thread 0x0000016d95088670 Thread exited: 0x0000016d95088670
Event: 9.354 Thread 0x0000016d92e64bb0 Thread added: 0x0000016d95085df0
Event: 9.853 Thread 0x0000016d926d9a80 Thread added: 0x0000016d95089090
Event: 9.857 Thread 0x0000016d95089090 Thread exited: 0x0000016d95089090
Event: 10.359 Thread 0x0000016d926d9a80 Thread added: 0x0000016d95089090
Event: 10.364 Thread 0x0000016d95089090 Thread exited: 0x0000016d95089090
Event: 10.452 Thread 0x0000016d92e66500 Thread exited: 0x0000016d92e66500
Event: 10.866 Thread 0x0000016d926d9a80 Thread added: 0x0000016d95084ec0
Event: 10.870 Thread 0x0000016d95084ec0 Thread exited: 0x0000016d95084ec0


Dynamic libraries:
0x00007ff79cbe0000 - 0x00007ff79cbee000 	C:\Users\admin\.jdks\corretto-17.0.13\bin\java.exe
0x00007ffae4d30000 - 0x00007ffae4f47000 	C:\WINDOWS\SYSTEM32\ntdll.dll
0x00007ffae3af0000 - 0x00007ffae3bb4000 	C:\WINDOWS\System32\KERNEL32.DLL
0x00007ffae2010000 - 0x00007ffae23e2000 	C:\WINDOWS\System32\KERNELBASE.dll
0x00007ffae2700000 - 0x00007ffae2811000 	C:\WINDOWS\System32\ucrtbase.dll
0x00007ffadcd00000 - 0x00007ffadcd1b000 	C:\Users\admin\.jdks\corretto-17.0.13\bin\VCRUNTIME140.dll
0x00007ffadcd20000 - 0x00007ffadcd37000 	C:\Users\admin\.jdks\corretto-17.0.13\bin\jli.dll
0x00007ffae4220000 - 0x00007ffae43d1000 	C:\WINDOWS\System32\USER32.dll
0x00007ffad4e90000 - 0x00007ffad512b000 	C:\WINDOWS\WinSxS\amd64_microsoft.windows.common-controls_6595b64144ccf1df_6.0.22621.5415_none_270d77d17387d7da\COMCTL32.dll
0x00007ffae1ea0000 - 0x00007ffae1ec6000 	C:\WINDOWS\System32\win32u.dll
0x00007ffae4740000 - 0x00007ffae47e7000 	C:\WINDOWS\System32\msvcrt.dll
0x00007ffae4140000 - 0x00007ffae4169000 	C:\WINDOWS\System32\GDI32.dll
0x00007ffae2490000 - 0x00007ffae25b3000 	C:\WINDOWS\System32\gdi32full.dll
0x00007ffae23f0000 - 0x00007ffae248a000 	C:\WINDOWS\System32\msvcp_win.dll
0x00007ffae4590000 - 0x00007ffae45c1000 	C:\WINDOWS\System32\IMM32.DLL
0x00007ffadccf0000 - 0x00007ffadccfc000 	C:\Users\admin\.jdks\corretto-17.0.13\bin\vcruntime140_1.dll
0x00007ffac7c90000 - 0x00007ffac7d1d000 	C:\Users\admin\.jdks\corretto-17.0.13\bin\msvcp140.dll
0x00007ffa913e0000 - 0x00007ffa9204c000 	C:\Users\admin\.jdks\corretto-17.0.13\bin\server\jvm.dll
0x00007ffae39c0000 - 0x00007ffae3a71000 	C:\WINDOWS\System32\ADVAPI32.dll
0x00007ffae4040000 - 0x00007ffae40e8000 	C:\WINDOWS\System32\sechost.dll
0x00007ffae2820000 - 0x00007ffae2848000 	C:\WINDOWS\System32\bcrypt.dll
0x00007ffae2c80000 - 0x00007ffae2d94000 	C:\WINDOWS\System32\RPCRT4.dll
0x00007ffae2da0000 - 0x00007ffae2e11000 	C:\WINDOWS\System32\WS2_32.dll
0x00007ffae0c80000 - 0x00007ffae0ccd000 	C:\WINDOWS\SYSTEM32\POWRPROF.dll
0x00007ffadae50000 - 0x00007ffadae5a000 	C:\WINDOWS\SYSTEM32\VERSION.dll
0x00007ffad3950000 - 0x00007ffad3984000 	C:\WINDOWS\SYSTEM32\WINMM.dll
0x00007ffae0c40000 - 0x00007ffae0c53000 	C:\WINDOWS\SYSTEM32\UMPDC.dll
0x00007ffae0f00000 - 0x00007ffae0f18000 	C:\WINDOWS\SYSTEM32\kernel.appcore.dll
0x00007ffadcce0000 - 0x00007ffadccea000 	C:\Users\admin\.jdks\corretto-17.0.13\bin\jimage.dll
0x00007ffadf930000 - 0x00007ffadfb63000 	C:\WINDOWS\SYSTEM32\DBGHELP.DLL
0x00007ffae3ca0000 - 0x00007ffae4033000 	C:\WINDOWS\System32\combase.dll
0x00007ffae3bc0000 - 0x00007ffae3c97000 	C:\WINDOWS\System32\OLEAUT32.dll
0x00007ffac4960000 - 0x00007ffac4992000 	C:\WINDOWS\SYSTEM32\dbgcore.DLL
0x00007ffae1e20000 - 0x00007ffae1e9b000 	C:\WINDOWS\System32\bcryptPrimitives.dll
0x00007ffadccd0000 - 0x00007ffadccde000 	C:\Users\admin\.jdks\corretto-17.0.13\bin\instrument.dll
0x00007ffadb8d0000 - 0x00007ffadb8f5000 	C:\Users\admin\.jdks\corretto-17.0.13\bin\java.dll
0x00007ffac19e0000 - 0x00007ffac1ab7000 	C:\Users\admin\.jdks\corretto-17.0.13\bin\jsvml.dll
0x00007ffae2e20000 - 0x00007ffae36c2000 	C:\WINDOWS\System32\SHELL32.dll
0x00007ffae1ed0000 - 0x00007ffae200f000 	C:\WINDOWS\System32\wintypes.dll
0x00007ffadfd00000 - 0x00007ffae061e000 	C:\WINDOWS\SYSTEM32\windows.storage.dll
0x00007ffae2b60000 - 0x00007ffae2c6b000 	C:\WINDOWS\System32\SHCORE.dll
0x00007ffae3a80000 - 0x00007ffae3ae9000 	C:\WINDOWS\System32\shlwapi.dll
0x00007ffae1d50000 - 0x00007ffae1d7b000 	C:\WINDOWS\SYSTEM32\profapi.dll
0x00007ffadad60000 - 0x00007ffadad78000 	C:\Users\admin\.jdks\corretto-17.0.13\bin\zip.dll
0x00007ffadb8a0000 - 0x00007ffadb8b9000 	C:\Users\admin\.jdks\corretto-17.0.13\bin\net.dll
0x00007ffadab90000 - 0x00007ffadacbc000 	C:\WINDOWS\SYSTEM32\WINHTTP.dll
0x00007ffae1380000 - 0x00007ffae13e9000 	C:\WINDOWS\system32\mswsock.dll
0x00007ffadaf20000 - 0x00007ffadaf36000 	C:\Users\admin\.jdks\corretto-17.0.13\bin\nio.dll
0x00007ffadad30000 - 0x00007ffadad4a000 	D:\IntelliJ IDEA 2024.3\bin\breakgen64.dll
0x00007ffae08f0000 - 0x00007ffae09e8000 	C:\WINDOWS\SYSTEM32\DNSAPI.dll
0x00007ffae0880000 - 0x00007ffae08ad000 	C:\WINDOWS\SYSTEM32\IPHLPAPI.DLL
0x00007ffae46a0000 - 0x00007ffae46a9000 	C:\WINDOWS\System32\NSI.dll
0x00007ffadba90000 - 0x00007ffadba9a000 	C:\Windows\System32\rasadhlp.dll
0x00007ffadc030000 - 0x00007ffadc039000 	C:\Users\admin\.jdks\corretto-17.0.13\bin\extnet.dll
0x00007ffada6d0000 - 0x00007ffada754000 	C:\WINDOWS\System32\fwpuclnt.dll
0x00007ffadb890000 - 0x00007ffadb899000 	C:\Users\admin\.jdks\corretto-17.0.13\bin\management.dll
0x00007ffadb840000 - 0x00007ffadb84b000 	C:\Users\admin\.jdks\corretto-17.0.13\bin\management_ext.dll
0x00007ffae2c70000 - 0x00007ffae2c78000 	C:\WINDOWS\System32\PSAPI.DLL
0x00007ffae15f0000 - 0x00007ffae160b000 	C:\WINDOWS\SYSTEM32\CRYPTSP.dll
0x00007ffae0e60000 - 0x00007ffae0e97000 	C:\WINDOWS\system32\rsaenh.dll
0x00007ffae1460000 - 0x00007ffae1488000 	C:\WINDOWS\SYSTEM32\USERENV.dll
0x00007ffae1610000 - 0x00007ffae161c000 	C:\WINDOWS\SYSTEM32\CRYPTBASE.dll
0x00007ffadae60000 - 0x00007ffadae79000 	C:\WINDOWS\SYSTEM32\dhcpcsvc6.DLL
0x00007ffadaac0000 - 0x00007ffadaadf000 	C:\WINDOWS\SYSTEM32\dhcpcsvc.DLL
0x00007ffab3c40000 - 0x00007ffab3c57000 	C:\WINDOWS\system32\napinsp.dll
0x00007ffab36c0000 - 0x00007ffab36db000 	C:\WINDOWS\system32\pnrpnsp.dll
0x00007ffab0e70000 - 0x00007ffab0e81000 	C:\WINDOWS\System32\winrnr.dll
0x00007ffadb380000 - 0x00007ffadb39f000 	C:\WINDOWS\system32\wshbth.dll
0x00007ffab0e40000 - 0x00007ffab0e61000 	C:\WINDOWS\system32\nlansp_c.dll
0x00007ffabf300000 - 0x00007ffabf350000 	C:\WINDOWS\SYSTEM32\pdh.dll
0x00007ffab23c0000 - 0x00007ffab23d1000 	C:\WINDOWS\System32\perfproc.dll
0x00007ffab2460000 - 0x00007ffab2470000 	C:\WINDOWS\System32\perfos.dll
0x00007ffadcea0000 - 0x00007ffadceb0000 	C:\WINDOWS\SYSTEM32\pfclient.dll
0x00007ffadccc0000 - 0x00007ffadccce000 	C:\Users\admin\.jdks\corretto-17.0.13\bin\sunmscapi.dll
0x00007ffae2850000 - 0x00007ffae29b7000 	C:\WINDOWS\System32\CRYPT32.dll
0x00007ffae17b0000 - 0x00007ffae17dd000 	C:\WINDOWS\SYSTEM32\ncrypt.dll
0x00007ffae1770000 - 0x00007ffae17a7000 	C:\WINDOWS\SYSTEM32\NTASN1.dll
0x00007ffadaf10000 - 0x00007ffadaf20000 	C:\Users\admin\.jdks\corretto-17.0.13\bin\verify.dll

dbghelp: loaded successfully - version: 4.0.5 - missing functions: none
symbol engine: initialized successfully - sym options: 0x614 - pdb path: .;C:\Users\admin\.jdks\corretto-17.0.13\bin;C:\WINDOWS\SYSTEM32;C:\WINDOWS\WinSxS\amd64_microsoft.windows.common-controls_6595b64144ccf1df_6.0.22621.5415_none_270d77d17387d7da;C:\Users\admin\.jdks\corretto-17.0.13\bin\server;D:\IntelliJ IDEA 2024.3\bin

VM Arguments:
jvm_args: -XX:TieredStopAtLevel=1 -Dspring.output.ansi.enabled=always -Dcom.sun.management.jmxremote -Dspring.jmx.enabled=true -Dspring.liveBeansView.mbeanDomain -Dspring.application.admin.enabled=true -Dmanagement.endpoints.jmx.exposure.include=* -javaagent:D:\IntelliJ IDEA 2024.3\lib\idea_rt.jar=62032:D:\IntelliJ IDEA 2024.3\bin -Dfile.encoding=UTF-8 
java_command: com.jobhunt.JobHuntApplication
java_class_path (initial): D:\Projects\JobHunt\target\classes;C:\Users\admin\.m2\repository\org\springframework\boot\spring-boot-starter-data-jpa\3.4.3\spring-boot-starter-data-jpa-3.4.3.jar;C:\Users\admin\.m2\repository\org\springframework\boot\spring-boot-starter\3.4.3\spring-boot-starter-3.4.3.jar;C:\Users\admin\.m2\repository\org\springframework\boot\spring-boot-starter-logging\3.4.3\spring-boot-starter-logging-3.4.3.jar;C:\Users\admin\.m2\repository\ch\qos\logback\logback-classic\1.5.16\logback-classic-1.5.16.jar;C:\Users\admin\.m2\repository\ch\qos\logback\logback-core\1.5.16\logback-core-1.5.16.jar;C:\Users\admin\.m2\repository\org\apache\logging\log4j\log4j-to-slf4j\2.24.3\log4j-to-slf4j-2.24.3.jar;C:\Users\admin\.m2\repository\org\apache\logging\log4j\log4j-api\2.24.3\log4j-api-2.24.3.jar;C:\Users\admin\.m2\repository\org\slf4j\jul-to-slf4j\2.0.16\jul-to-slf4j-2.0.16.jar;C:\Users\admin\.m2\repository\jakarta\annotation\jakarta.annotation-api\2.1.1\jakarta.annotation-api-2.1.1.jar;C:\Users\admin\.m2\repository\org\yaml\snakeyaml\2.3\snakeyaml-2.3.jar;C:\Users\admin\.m2\repository\org\springframework\boot\spring-boot-starter-jdbc\3.4.3\spring-boot-starter-jdbc-3.4.3.jar;C:\Users\admin\.m2\repository\com\zaxxer\HikariCP\5.1.0\HikariCP-5.1.0.jar;C:\Users\admin\.m2\repository\org\springframework\spring-jdbc\6.2.3\spring-jdbc-6.2.3.jar;C:\Users\admin\.m2\repository\org\hibernate\orm\hibernate-core\6.6.8.Final\hibernate-core-6.6.8.Final.jar;C:\Users\admin\.m2\repository\jakarta\persistence\jakarta.persistence-api\3.1.0\jakarta.persistence-api-3.1.0.jar;C:\Users\admin\.m2\repository\jakarta\transaction\jakarta.transaction-api\2.0.1\jakarta.transaction-api-2.0.1.jar;C:\Users\admin\.m2\repository\org\jboss\logging\jboss-logging\3.6.1.Final\jboss-logging-3.6.1.Final.jar;C:\Users\admin\.m2\repository\org\hibernate\common\hibernate-commons-annotations\7.0.3.Final\hibernate-commons-annotations-7.0.3.Final.jar;C:\Users\admin\.m2\repository\io\smallrye\jandex\3.2.0\jande
Launcher Type: SUN_STANDARD

[Global flags]
     intx CICompilerCount                          = 12                                        {product} {ergonomic}
     uint ConcGCThreads                            = 3                                         {product} {ergonomic}
     uint G1ConcRefinementThreads                  = 13                                        {product} {ergonomic}
   size_t G1HeapRegionSize                         = 2097152                                   {product} {ergonomic}
    uintx GCDrainStackTargetSize                   = 64                                        {product} {ergonomic}
   size_t InitialHeapSize                          = 266338304                                 {product} {ergonomic}
     bool ManagementServer                         = true                                      {product} {command line}
   size_t MarkStackSize                            = 4194304                                   {product} {ergonomic}
   size_t MaxHeapSize                              = 4261412864                                {product} {ergonomic}
   size_t MaxNewSize                               = 2556428288                                {product} {ergonomic}
   size_t MinHeapDeltaBytes                        = 2097152                                   {product} {ergonomic}
   size_t MinHeapSize                              = 8388608                                   {product} {ergonomic}
    uintx NonProfiledCodeHeapSize                  = 0                                      {pd product} {ergonomic}
     bool ProfileInterpreter                       = false                                  {pd product} {command line}
    uintx ProfiledCodeHeapSize                     = 0                                      {pd product} {ergonomic}
   size_t SoftMaxHeapSize                          = 4261412864                             {manageable} {ergonomic}
     intx TieredStopAtLevel                        = 1                                         {product} {command line}
     bool UseCompressedClassPointers               = true                           {product lp64_product} {ergonomic}
     bool UseCompressedOops                        = true                           {product lp64_product} {ergonomic}
     bool UseG1GC                                  = true                                      {product} {ergonomic}
     bool UseLargePagesIndividualAllocation        = false                                  {pd product} {ergonomic}

Logging:
Log output configuration:
 #0: stdout all=warning uptime,level,tags
 #1: stderr all=off uptime,level,tags

Environment Variables:
JAVA_HOME=D:\Java\jdk17
PATH=C:\Program Files\Common Files\Oracle\Java\javapath;C:\Program Files (x86)\Common Files\Intel\Shared Libraries\redist\intel64\compiler;C:\Windows\system32;C:\Windows;C:\Windows\System32\Wbem;C:\Windows\System32\WindowsPowerShell\v1.0\;C:\Windows\System32\OpenSSH\;C:\Program Files (x86)\NVIDIA Corporation\PhysX\Common;C:\Program Files\NVIDIA Corporation\NVIDIA NvDLISR;C:\WINDOWS\system32;C:\WINDOWS;C:\WINDOWS\System32\Wbem;C:\WINDOWS\System32\WindowsPowerShell\v1.0\;C:\WINDOWS\System32\OpenSSH\;C:\Program Files\mingw-w64\x86_64-8.1.0-posix-seh-rt_v6-rev0\mingw64\bin;C:\Program Files (x86)\Microsoft SQL Server\160\Tools\Binn\;C:\Program Files\Microsoft SQL Server\160\Tools\Binn\;C:\Program Files\Microsoft SQL Server\Client SDK\ODBC\170\Tools\Binn\;C:\Program Files\Microsoft SQL Server\160\DTS\Binn\;C:\Program Files\Azure Data Studio\bin;D:\Go\bin;D:\Docker\resources\bin;D:\Git\cmd;D:\nvm;D:\nodejs;C:\Program Files\Cloudflare\Cloudflare WARP\;D:\apache_maven\apache-maven-3.9.8\bin;C:\Program Files\Microsoft SQL Server\150\Tools\Binn\;d:\Cursor\cursor\resources\app\bin;D:\Java\jdk17\bin;D:\Flutter\flutter\bin;C:\Users\admin\AppData\Local\Programs\Python\Python310\Scripts\;C:\Users\admin\AppData\Local\Programs\Python\Python310\;C:\Users\admin\AppData\Local\Microsoft\WindowsApps;C:\Users\admin\AppData\Local\Programs\Microsoft VS Code\bin;C:\mingw64\bin;D:\IntelliJ IDEA Community Edition 2023.1\bin;;C:\Program Files\Azure Data Studio\bin;D:\PyCharm Community Edition 2023.3.1\bin;;C:\Users\admin\go\bin;D:\nvm;D:\nodejs;D:\postgres\bin;D:\IntelliJ IDEA 2024.3\bin;;;D:\DataGrip 2024.3.2\bin;;D:\JetBrains Rider 2024.3\bin;;D:\Cursor\cursor\resources\app\bin;D:\GoLand 2024.3.5\bin;
USERNAME=admin
OS=Windows_NT
PROCESSOR_IDENTIFIER=AMD64 Family 23 Model 96 Stepping 1, AuthenticAMD
TMP=C:\Users\admin\AppData\Local\Temp
TEMP=C:\Users\admin\AppData\Local\Temp



Periodic native trim disabled


---------------  S Y S T E M  ---------------

OS:
 Windows 11 , 64 bit Build 22621 (10.0.22621.5415)
OS uptime: 0 days 2:47 hours
Hyper-V role detected

CPU: total 16 (initial active 16) (16 cores per cpu, 2 threads per core) family 23 model 96 stepping 1 microcode 0x0, cx8, cmov, fxsr, ht, mmx, 3dnowpref, sse, sse2, sse3, ssse3, sse4a, sse4.1, sse4.2, popcnt, lzcnt, tsc, tscinvbit, avx, avx2, aes, clmul, bmi1, bmi2, adx, sha, fma, vzeroupper, clflush, clflushopt, hv
Processor Information for all 16 processors :
  Max Mhz: 2900, Current Mhz: 2900, Mhz Limit: 2900

Memory: 4k page, system-wide physical 16253M (1465M free)
TotalPageFile size 30077M (AvailPageFile size 278M)
current process WorkingSet (physical memory assigned to process): 447M, peak: 447M
current process commit charge ("private bytes"): 510M, peak: 844M

vm_info: OpenJDK 64-Bit Server VM (17.0.13+11-LTS) for windows-amd64 JRE (17.0.13+11-LTS), built on Oct 10 2024 19:51:30 by "Administrator" with MS VC++ 16.10 / 16.11 (VS2019)

END.
